<?xml version="1.0" encoding="UTF-8"?>
<!-- Generated by org.testng.reporters.JUnitReportReporter -->
<testsuite hostname="A_Device" failures="0" tests="3" name="ecommercetest.EcommerceTest" time="12.545" errors="0" timestamp="2023-11-14T19:38:25 PST" skipped="0">
  <testcase classname="ecommercetest.EcommerceTest" name="TC06" time="5.751"/>
  <testcase classname="ecommercetest.EcommerceTest" name="TC05" time="4.283"/>
  <testcase classname="ecommercetest.EcommerceTest" name="TC03" time="2.511"/>
</testsuite> <!-- ecommercetest.EcommerceTest -->
