<?xml version="1.0" encoding="UTF-8"?>
<!-- Generated by org.testng.reporters.JUnitReportReporter -->
<testsuite hostname="A_Device" failures="0" tests="3" name="ecommercetest.EcommerceTest" time="17.519" errors="0" timestamp="2023-10-13T11:38:52 PDT" skipped="0">
  <testcase classname="ecommercetest.EcommerceTest" name="TC02" time="6.252"/>
  <testcase classname="ecommercetest.EcommerceTest" name="TC04" time="8.630"/>
  <testcase classname="ecommercetest.EcommerceTest" name="TC03" time="2.637"/>
</testsuite> <!-- ecommercetest.EcommerceTest -->
