<?xml version="1.0" encoding="UTF-8"?>
<!-- Generated by org.testng.reporters.JUnitReportReporter -->
<testsuite hostname="A_Device" failures="0" tests="1" name="demo.ECommerce" time="14.690" errors="0" timestamp="2023-10-08T18:21:41 PDT" skipped="0">
  <testcase classname="demo.ECommerce" name="TC01" time="14.690"/>
</testsuite> <!-- demo.ECommerce -->
