<?xml version="1.0" encoding="UTF-8"?>
<!-- Generated by org.testng.reporters.JUnitReportReporter -->
<testsuite hostname="A_Device" failures="0" tests="1" name="demo.ECommerce" time="0.301" errors="0" timestamp="2023-11-08T08:30:44 PST" skipped="0">
  <testcase classname="demo.ECommerce" name="TC07" time="0.301"/>
</testsuite> <!-- demo.ECommerce -->
