<?xml version="1.0" encoding="UTF-8"?>
<!-- Generated by org.testng.reporters.JUnitReportReporter -->
<testsuite hostname="A_Device" failures="0" tests="2" name="ecommercetest.EcommerceTest" time="8.054" errors="0" timestamp="2023-11-14T11:49:28 PST" skipped="0">
  <testcase classname="ecommercetest.EcommerceTest" name="TC05" time="6.323"/>
  <testcase classname="ecommercetest.EcommerceTest" name="TC03" time="1.731"/>
</testsuite> <!-- ecommercetest.EcommerceTest -->
